#employee_id1,first_name1,last_name1,no_of_dependents
100|Steven|King|4|1
101|Neena|Kochhar|5|1
102|Lex|De Haan|6|1
103|Alexander|Hunold|14|1
104|Bruce|Ernst|15|1
105|David|Austin|16|1
106|Valli|Pataballa|17|1
107|Diana|Lorentz|18|1
108|Nancy|Greenberg|12|1
109|Daniel|Faviet|7|1
110|John|Chen|8|1
111|Ismael|Sciarra|9|1
112|Jose Manuel|Urman|10|1
113|Luis|Popp|11|1
114|Den|Raphaely|27|1
115|Alexander|Khoo|22|1
116|Shelli|Baida|23|1
117|Sigal|Tobias|24|1
118|Guy|Himuro|25|1
119|Karen|Colmenares|26|1
120|Matthew|Weiss||0
121|Adam|Fripp||0
122|Payam|Kaufling||0
123|Shanta|Vollman||0
126|Irene|Mikkilineni||0
145|John|Russell|28|1
146|Karen|Partners|29|1
176|Jonathon|Taylor|30|1
177|Jack|Livingston||0
178|Kimberely|Grant||0
179|Charles|Johnson||0
192|Sarah|Bell||0
193|Britney|Everett||0
200|Jennifer|Whalen|3|1
201|Michael|Hartstein|19|1
202|Pat|Fay|20|1
203|Susan|Mavris|13|1
204|Hermann|Baer|21|1
205|Shelley|Higgins|2|1
206|William|Gietz|1|1
207|Steven|King||0
208|William|Gietz||0
209|Pat|Fay||0
210|Britney|Everett||0
211|Sarah|Bell||0
212|Irene|Mikkilineni||0
213|Karen|Colmenares||0
214|Guy|Himuro||0
215|Sigal|Tobias||0
216|Shelli|Baida||0
217|Alexander|Khoo||0
218|Luis|Popp||0
219|Jose Manuel|Urman||0
220|Ismael|Sciarra||0
221|John|Chen||0
222|Daniel|Faviet||0
223|Diana|Lorentz||0
224|Valli|Pataballa||0
225|David|Austin||0
226|Bruce|Ernst||0
227|Alexander|Hunold||0
228|Shelley|Higgins||0
229|Hermann|Baer||0
230|Susan|Mavris||0
231|Jennifer|Whalen||0
232|Nancy|Greenberg||0
233|Michael|Hartstein||0
234|Charles|Johnson||0
235|Kimberely|Grant||0
236|Jack|Livingston||0
237|Jonathon|Taylor||0
238|Karen|Partners||0
239|John|Russell||0
240|Shanta|Vollman||0
241|Payam|Kaufling||0
242|Adam|Fripp||0
243|Matthew|Weiss||0
244|Den|Raphaely||0
245|Lex|De Haan||0
246|Neena|Kochhar||0
