100|Steven Kin|4|9|Executive|1700|2004 Charade Rd|98199|Seattle|Washington|US|United States of America|2|Americas
101|Neena Koch|5|9|Executive|1700|2004 Charade Rd|98199|Seattle|Washington|US|United States of America|2|Americas
102|Lex De Haa|5|9|Executive|1700|2004 Charade Rd|98199|Seattle|Washington|US|United States of America|2|Americas
103|Alexander |9|6|IT|1400|2014 Jabberwocky Rd|26192|Southlake|Texas|US|United States of America|2|Americas
104|Bruce Erns|9|6|IT|1400|2014 Jabberwocky Rd|26192|Southlake|Texas|US|United States of America|2|Americas
105|David Aust|9|6|IT|1400|2014 Jabberwocky Rd|26192|Southlake|Texas|US|United States of America|2|Americas
106|Valli Pata|9|6|IT|1400|2014 Jabberwocky Rd|26192|Southlake|Texas|US|United States of America|2|Americas
107|Diana Lore|9|6|IT|1400|2014 Jabberwocky Rd|26192|Southlake|Texas|US|United States of America|2|Americas
108|Nancy Gree|7|10|Finance|1700|2004 Charade Rd|98199|Seattle|Washington|US|United States of America|2|Americas
109|Daniel Fav|6|10|Finance|1700|2004 Charade Rd|98199|Seattle|Washington|US|United States of America|2|Americas
110|John Chen|6|10|Finance|1700|2004 Charade Rd|98199|Seattle|Washington|US|United States of America|2|Americas
111|Ismael Sci|6|10|Finance|1700|2004 Charade Rd|98199|Seattle|Washington|US|United States of America|2|Americas
112|Jose Manue|6|10|Finance|1700|2004 Charade Rd|98199|Seattle|Washington|US|United States of America|2|Americas
113|Luis Popp|6|10|Finance|1700|2004 Charade Rd|98199|Seattle|Washington|US|United States of America|2|Americas
114|Den Raphae|14|3|Purchasing|1700|2004 Charade Rd|98199|Seattle|Washington|US|United States of America|2|Americas
115|Alexander |13|3|Purchasing|1700|2004 Charade Rd|98199|Seattle|Washington|US|United States of America|2|Americas
116|Shelli Bai|13|3|Purchasing|1700|2004 Charade Rd|98199|Seattle|Washington|US|United States of America|2|Americas
117|Sigal Tobi|13|3|Purchasing|1700|2004 Charade Rd|98199|Seattle|Washington|US|United States of America|2|Americas
118|Guy Himuro|13|3|Purchasing|1700|2004 Charade Rd|98199|Seattle|Washington|US|United States of America|2|Americas
119|Karen Colm|13|3|Purchasing|1700|2004 Charade Rd|98199|Seattle|Washington|US|United States of America|2|Americas
120|Matthew We|19|5|Shipping|1500|2011 Interiors Blvd|99236|South San Francisco|California|US|United States of America|2|Americas
121|Adam Fripp|19|5|Shipping|1500|2011 Interiors Blvd|99236|South San Francisco|California|US|United States of America|2|Americas
122|Payam Kauf|19|5|Shipping|1500|2011 Interiors Blvd|99236|South San Francisco|California|US|United States of America|2|Americas
123|Shanta Vol|19|5|Shipping|1500|2011 Interiors Blvd|99236|South San Francisco|California|US|United States of America|2|Americas
126|Irene Mikk|18|5|Shipping|1500|2011 Interiors Blvd|99236|South San Francisco|California|US|United States of America|2|Americas
145|John Russe|15|8|Sales|2500|Magdalen Centre, The Oxford Science Park|OX9 9ZB|Oxford|Oxford|UK|United Kingdom|1|Europe
146|Karen Part|15|8|Sales|2500|Magdalen Centre, The Oxford Science Park|OX9 9ZB|Oxford|Oxford|UK|United Kingdom|1|Europe
176|Jonathon T|16|8|Sales|2500|Magdalen Centre, The Oxford Science Park|OX9 9ZB|Oxford|Oxford|UK|United Kingdom|1|Europe
177|Jack Livin|16|8|Sales|2500|Magdalen Centre, The Oxford Science Park|OX9 9ZB|Oxford|Oxford|UK|United Kingdom|1|Europe
178|Kimberely |16|8|Sales|2500|Magdalen Centre, The Oxford Science Park|OX9 9ZB|Oxford|Oxford|UK|United Kingdom|1|Europe
179|Charles Jo|16|8|Sales|2500|Magdalen Centre, The Oxford Science Park|OX9 9ZB|Oxford|Oxford|UK|United Kingdom|1|Europe
192|Sarah Bell|17|5|Shipping|1500|2011 Interiors Blvd|99236|South San Francisco|California|US|United States of America|2|Americas
193|Britney Ev|17|5|Shipping|1500|2011 Interiors Blvd|99236|South San Francisco|California|US|United States of America|2|Americas
200|Jennifer W|3|1|Administration|1700|2004 Charade Rd|98199|Seattle|Washington|US|United States of America|2|Americas
201|Michael Ha|10|2|Marketing|1800|147 Spadina Ave|M5V 2L7|Toronto|Ontario|CA|Canada|2|Americas
202|Pat Fay|11|2|Marketing|1800|147 Spadina Ave|M5V 2L7|Toronto|Ontario|CA|Canada|2|Americas
203|Susan Mavr|8|4|Human Resources|2400|8204 Arthur St||London||UK|United Kingdom|1|Europe
204|Hermann Ba|12|7|Public Relations|2700|Schwanthalerstr. 7031|80925|Munich|Bavaria|DE|Germany|1|Europe
205|Shelley Hi|2|11|Accounting|1700|2004 Charade Rd|98199|Seattle|Washington|US|United States of America|2|Americas
206|William Gi|1|11|Accounting|1700|2004 Charade Rd|98199|Seattle|Washington|US|United States of America|2|Americas
207|Steven Kin|4|9|Executive|1700|2004 Charade Rd|98199|Seattle|Washington|US|United States of America|2|Americas
208|William Gi|1|11|Accounting|1700|2004 Charade Rd|98199|Seattle|Washington|US|United States of America|2|Americas
209|Pat Fay|11|2|Marketing|1800|147 Spadina Ave|M5V 2L7|Toronto|Ontario|CA|Canada|2|Americas
210|Britney Ev|17|5|Shipping|1500|2011 Interiors Blvd|99236|South San Francisco|California|US|United States of America|2|Americas
211|Sarah Bell|17|5|Shipping|1500|2011 Interiors Blvd|99236|South San Francisco|California|US|United States of America|2|Americas
212|Irene Mikk|18|5|Shipping|1500|2011 Interiors Blvd|99236|South San Francisco|California|US|United States of America|2|Americas
213|Karen Colm|13|3|Purchasing|1700|2004 Charade Rd|98199|Seattle|Washington|US|United States of America|2|Americas
214|Guy Himuro|13|3|Purchasing|1700|2004 Charade Rd|98199|Seattle|Washington|US|United States of America|2|Americas
215|Sigal Tobi|13|3|Purchasing|1700|2004 Charade Rd|98199|Seattle|Washington|US|United States of America|2|Americas
216|Shelli Bai|13|3|Purchasing|1700|2004 Charade Rd|98199|Seattle|Washington|US|United States of America|2|Americas
217|Alexander |13|3|Purchasing|1700|2004 Charade Rd|98199|Seattle|Washington|US|United States of America|2|Americas
218|Luis Popp|6|10|Finance|1700|2004 Charade Rd|98199|Seattle|Washington|US|United States of America|2|Americas
219|Jose Manue|6|10|Finance|1700|2004 Charade Rd|98199|Seattle|Washington|US|United States of America|2|Americas
220|Ismael Sci|6|10|Finance|1700|2004 Charade Rd|98199|Seattle|Washington|US|United States of America|2|Americas
221|John Chen|6|10|Finance|1700|2004 Charade Rd|98199|Seattle|Washington|US|United States of America|2|Americas
222|Daniel Fav|6|10|Finance|1700|2004 Charade Rd|98199|Seattle|Washington|US|United States of America|2|Americas
223|Diana Lore|9|6|IT|1400|2014 Jabberwocky Rd|26192|Southlake|Texas|US|United States of America|2|Americas
224|Valli Pata|9|6|IT|1400|2014 Jabberwocky Rd|26192|Southlake|Texas|US|United States of America|2|Americas
225|David Aust|9|6|IT|1400|2014 Jabberwocky Rd|26192|Southlake|Texas|US|United States of America|2|Americas
226|Bruce Erns|9|6|IT|1400|2014 Jabberwocky Rd|26192|Southlake|Texas|US|United States of America|2|Americas
227|Alexander |9|6|IT|1400|2014 Jabberwocky Rd|26192|Southlake|Texas|US|United States of America|2|Americas
228|Shelley Hi|2|11|Accounting|1700|2004 Charade Rd|98199|Seattle|Washington|US|United States of America|2|Americas
229|Hermann Ba|12|7|Public Relations|2700|Schwanthalerstr. 7031|80925|Munich|Bavaria|DE|Germany|1|Europe
230|Susan Mavr|8|4|Human Resources|2400|8204 Arthur St||London||UK|United Kingdom|1|Europe
231|Jennifer W|3|1|Administration|1700|2004 Charade Rd|98199|Seattle|Washington|US|United States of America|2|Americas
232|Nancy Gree|7|10|Finance|1700|2004 Charade Rd|98199|Seattle|Washington|US|United States of America|2|Americas
233|Michael Ha|10|2|Marketing|1800|147 Spadina Ave|M5V 2L7|Toronto|Ontario|CA|Canada|2|Americas
234|Charles Jo|16|8|Sales|2500|Magdalen Centre, The Oxford Science Park|OX9 9ZB|Oxford|Oxford|UK|United Kingdom|1|Europe
235|Kimberely |16|8|Sales|2500|Magdalen Centre, The Oxford Science Park|OX9 9ZB|Oxford|Oxford|UK|United Kingdom|1|Europe
236|Jack Livin|16|8|Sales|2500|Magdalen Centre, The Oxford Science Park|OX9 9ZB|Oxford|Oxford|UK|United Kingdom|1|Europe
237|Jonathon T|16|8|Sales|2500|Magdalen Centre, The Oxford Science Park|OX9 9ZB|Oxford|Oxford|UK|United Kingdom|1|Europe
238|Karen Part|15|8|Sales|2500|Magdalen Centre, The Oxford Science Park|OX9 9ZB|Oxford|Oxford|UK|United Kingdom|1|Europe
239|John Russe|15|8|Sales|2500|Magdalen Centre, The Oxford Science Park|OX9 9ZB|Oxford|Oxford|UK|United Kingdom|1|Europe
240|Shanta Vol|19|5|Shipping|1500|2011 Interiors Blvd|99236|South San Francisco|California|US|United States of America|2|Americas
241|Payam Kauf|19|5|Shipping|1500|2011 Interiors Blvd|99236|South San Francisco|California|US|United States of America|2|Americas
242|Adam Fripp|19|5|Shipping|1500|2011 Interiors Blvd|99236|South San Francisco|California|US|United States of America|2|Americas
243|Matthew We|19|5|Shipping|1500|2011 Interiors Blvd|99236|South San Francisco|California|US|United States of America|2|Americas
244|Den Raphae|14|3|Purchasing|1700|2004 Charade Rd|98199|Seattle|Washington|US|United States of America|2|Americas
245|Lex De Haa|5|9|Executive|1700|2004 Charade Rd|98199|Seattle|Washington|US|United States of America|2|Americas
246|Neena Koch|5|9|Executive|1700|2004 Charade Rd|98199|Seattle|Washington|US|United States of America|2|Americas
